<?xml version="1.0" encoding="UTF-8" standalone="yes"?><!DOCTYPE report PUBLIC "-//JACOCO//DTD Report 1.1//EN" "report.dtd"><report name="untitled"><sessioninfo id="MacBook-Air-Rail.local-7dfd2ae3" start="1736845974002" dump="1736845982701"/><sessioninfo id="MacBook-Air-Rail.local-d848442e" start="1736846112602" dump="1736846120965"/><sessioninfo id="MacBook-Air-Rail.local-e567a651" start="1736846512150" dump="1736846521566"/><sessioninfo id="MacBook-Air-Rail.local-3fccc0b1" start="1736846636814" dump="1736846645346"/><sessioninfo id="MacBook-Air-Rail.local-3dace273" start="1736847058851" dump="1736847067593"/><sessioninfo id="MacBook-Air-Rail.local-7357650f" start="1736868034629" dump="1736868043451"/><sessioninfo id="MacBook-Air-Rail.local-8a46d670" start="1736868209738" dump="1736868218926"/><sessioninfo id="MacBook-Air-Rail.local-828970a0" start="1736868367355" dump="1736868376269"/><sessioninfo id="MacBook-Air-Rail.local-6b1d375b" start="1736871697115" dump="1736871706165"/><sessioninfo id="MacBook-Air-Rail.local-e3f0e277" start="1736872913435" dump="1736872921949"/><sessioninfo id="MacBook-Air-Rail.local-44e8a458" start="1736872960004" dump="1736872968673"/><sessioninfo id="MacBook-Air-Rail.local-a2a6b464" start="1736873072557" dump="1736873082128"/><sessioninfo id="MacBook-Air-Rail.local-246494f9" start="1736874994581" dump="1736875003782"/><sessioninfo id="MacBook-Air-Rail.local-a11ebba2" start="1736875050479" dump="1736875059501"/><sessioninfo id="MacBook-Air-Rail.local-5989e564" start="1736876249570" dump="1736876258590"/><sessioninfo id="MacBook-Air-Rail.local-9b084079" start="1736876701693" dump="1736876710452"/><sessioninfo id="MacBook-Air-Rail.local-7235a2a7" start="1736923538436" dump="1736923546816"/><sessioninfo id="MacBook-Air-Rail.local-e5fc23bc" start="1736944736491" dump="1736944745389"/><sessioninfo id="MacBook-Air-Rail.local-3aadb8ec" start="1736958543634" dump="1736958552613"/><sessioninfo id="MacBook-Air-Rail.local-3a60dfbf" start="1736959370200" dump="1736959378446"/><sessioninfo id="MacBook-Air-Rail.local-85590661" start="1736959429959" dump="1736959440509"/><sessioninfo id="MacBook-Air-Rail.local-c03b4a55" start="1736963755201" dump="1736963764106"/><sessioninfo id="MacBook-Air-Rail.local-ca36accf" start="1736967984869" dump="1736967993332"/><sessioninfo id="MacBook-Air-Rail.local-fc11a787" start="1737025715020" dump="1737025724036"/><sessioninfo id="MacBook-Air-Rail.local-ea7a6ba0" start="1737025890120" dump="1737025898729"/><sessioninfo id="MacBook-Air-Rail.local-a7399beb" start="1737025941286" dump="1737025949050"/><sessioninfo id="MacBook-Air-Rail.local-dc8bcd77" start="1737026037523" dump="1737026046045"/><sessioninfo id="MacBook-Air-Rail.local-45edf5bc" start="1737026432336" dump="1737026440723"/><sessioninfo id="MacBook-Air-Rail.local-64f49509" start="1737026532912" dump="1737026541950"/><sessioninfo id="MacBook-Air-Rail.local-cbf5a574" start="1737026571817" dump="1737026579927"/><sessioninfo id="MacBook-Air-Rail.local-c1d39265" start="1737033353074" dump="1737033362297"/><sessioninfo id="MacBook-Air-Rail.local-5dc08be8" start="1737033891639" dump="1737033900726"/><sessioninfo id="MacBook-Air-Rail.local-b961f4e0" start="1737036574257" dump="1737036582890"/><sessioninfo id="MacBook-Air-Rail.local-e1acb962" start="1737037531191" dump="1737037540108"/><sessioninfo id="MacBook-Air-Rail.local-4f83b6ed" start="1737037697708" dump="1737037705879"/><sessioninfo id="MacBook-Air-Rail.local-da8918bf" start="1737040554622" dump="1737040563013"/><sessioninfo id="MacBook-Air-Rail.local-ad59ad61" start="1737380410398" dump="1737380419156"/><sessioninfo id="MacBook-Air-Rail.local-7a39371d" start="1737380624796" dump="1737380633775"/><sessioninfo id="MacBook-Air-Rail.local-cb465a49" start="1737380786837" dump="1737380795149"/><sessioninfo id="MacBook-Air-Rail.local-ac346ca0" start="1737381051841" dump="1737381060616"/><sessioninfo id="MacBook-Air-Rail.local-bf16b06" start="1737385967023" dump="1737385975442"/><sessioninfo id="MacBook-Air-Rail.local-4dfc6033" start="1737386108582" dump="1737386117105"/><sessioninfo id="MacBook-Air-Rail.local-991b20bb" start="1737386158321" dump="1737386166534"/><sessioninfo id="MacBook-Air-Rail.local-14a74223" start="1737396353375" dump="1737396366445"/><sessioninfo id="MacBook-Air-Rail.local-13d82fb3" start="1737444183778" dump="1737444192941"/><package name="com/example"><class name="com/example/GetKittens" sourcefilename="GetKittens.java"/><class name="com/example/Feline" sourcefilename="Feline.java"><method name="&lt;init&gt;" desc="()V" line="5"><counter type="INSTRUCTION" missed="0" covered="3"/><counter type="LINE" missed="0" covered="1"/><counter type="COMPLEXITY" missed="0" covered="1"/><counter type="METHOD" missed="0" covered="1"/></method><method name="eatMeat" desc="()Ljava/util/List;" line="9"><counter type="INSTRUCTION" missed="0" covered="4"/><counter type="LINE" missed="0" covered="1"/><counter type="COMPLEXITY" missed="0" covered="1"/><counter type="METHOD" missed="0" covered="1"/></method><method name="getFamily" desc="()Ljava/lang/String;" line="14"><counter type="INSTRUCTION" missed="0" covered="2"/><counter type="LINE" missed="0" covered="1"/><counter type="COMPLEXITY" missed="0" covered="1"/><counter type="METHOD" missed="0" covered="1"/></method><method name="getKittens" desc="()I" line="19"><counter type="INSTRUCTION" missed="0" covered="4"/><counter type="LINE" missed="0" covered="1"/><counter type="COMPLEXITY" missed="0" covered="1"/><counter type="METHOD" missed="0" covered="1"/></method><method name="getKittens" desc="(I)I" line="23"><counter type="INSTRUCTION" missed="0" covered="2"/><counter type="LINE" missed="0" covered="1"/><counter type="COMPLEXITY" missed="0" covered="1"/><counter type="METHOD" missed="0" covered="1"/></method><counter type="INSTRUCTION" missed="0" covered="15"/><counter type="LINE" missed="0" covered="5"/><counter type="COMPLEXITY" missed="0" covered="5"/><counter type="METHOD" missed="0" covered="5"/><counter type="CLASS" missed="0" covered="1"/></class><class name="com/example/Animal" sourcefilename="Animal.java"><method name="&lt;init&gt;" desc="()V" line="5"><counter type="INSTRUCTION" missed="0" covered="3"/><counter type="LINE" missed="0" covered="1"/><counter type="COMPLEXITY" missed="0" covered="1"/><counter type="METHOD" missed="0" covered="1"/></method><method name="getFood" desc="(Ljava/lang/String;)Ljava/util/List;" line="9"><counter type="INSTRUCTION" missed="9" covered="13"/><counter type="BRANCH" missed="2" covered="2"/><counter type="LINE" missed="2" covered="3"/><counter type="COMPLEXITY" missed="2" covered="1"/><counter type="METHOD" missed="0" covered="1"/></method><method name="getFamily" desc="()Ljava/lang/String;" line="19"><counter type="INSTRUCTION" missed="2" covered="0"/><counter type="LINE" missed="1" covered="0"/><counter type="COMPLEXITY" missed="1" covered="0"/><counter type="METHOD" missed="1" covered="0"/></method><counter type="INSTRUCTION" missed="11" covered="16"/><counter type="BRANCH" missed="2" covered="2"/><counter type="LINE" missed="3" covered="4"/><counter type="COMPLEXITY" missed="3" covered="2"/><counter type="METHOD" missed="1" covered="2"/><counter type="CLASS" missed="0" covered="1"/></class><class name="com/example/GetFood" sourcefilename="GetFood.java"/><class name="com/example/Predator" sourcefilename="Predator.java"/><class name="com/example/Lion" sourcefilename="Lion.java"><method name="&lt;init&gt;" desc="(Ljava/lang/String;Lcom/example/Feline;)V" line="12"><counter type="INSTRUCTION" missed="0" covered="27"/><counter type="BRANCH" missed="0" covered="4"/><counter type="LINE" missed="0" covered="8"/><counter type="COMPLEXITY" missed="0" covered="3"/><counter type="METHOD" missed="0" covered="1"/></method><method name="getKittens" desc="()I" line="24"><counter type="INSTRUCTION" missed="0" covered="4"/><counter type="LINE" missed="0" covered="1"/><counter type="COMPLEXITY" missed="0" covered="1"/><counter type="METHOD" missed="0" covered="1"/></method><method name="doesHaveMane" desc="()Z" line="28"><counter type="INSTRUCTION" missed="0" covered="3"/><counter type="LINE" missed="0" covered="1"/><counter type="COMPLEXITY" missed="0" covered="1"/><counter type="METHOD" missed="0" covered="1"/></method><method name="getFood" desc="()Ljava/util/List;" line="32"><counter type="INSTRUCTION" missed="0" covered="5"/><counter type="LINE" missed="0" covered="1"/><counter type="COMPLEXITY" missed="0" covered="1"/><counter type="METHOD" missed="0" covered="1"/></method><counter type="INSTRUCTION" missed="0" covered="39"/><counter type="BRANCH" missed="0" covered="4"/><counter type="LINE" missed="0" covered="11"/><counter type="COMPLEXITY" missed="0" covered="6"/><counter type="METHOD" missed="0" covered="4"/><counter type="CLASS" missed="0" covered="1"/></class><class name="com/example/Cat" sourcefilename="Cat.java"><method name="&lt;init&gt;" desc="(Lcom/example/Feline;)V" line="9"><counter type="INSTRUCTION" missed="0" covered="6"/><counter type="LINE" missed="0" covered="3"/><counter type="COMPLEXITY" missed="0" covered="1"/><counter type="METHOD" missed="0" covered="1"/></method><method name="getSound" desc="()Ljava/lang/String;" line="14"><counter type="INSTRUCTION" missed="0" covered="2"/><counter type="LINE" missed="0" covered="1"/><counter type="COMPLEXITY" missed="0" covered="1"/><counter type="METHOD" missed="0" covered="1"/></method><method name="getFood" desc="()Ljava/util/List;" line="18"><counter type="INSTRUCTION" missed="0" covered="4"/><counter type="LINE" missed="0" covered="1"/><counter type="COMPLEXITY" missed="0" covered="1"/><counter type="METHOD" missed="0" covered="1"/></method><counter type="INSTRUCTION" missed="0" covered="12"/><counter type="LINE" missed="0" covered="5"/><counter type="COMPLEXITY" missed="0" covered="3"/><counter type="METHOD" missed="0" covered="3"/><counter type="CLASS" missed="0" covered="1"/></class><sourcefile name="GetKittens.java"/><sourcefile name="Predator.java"/><sourcefile name="Lion.java"><line nr="12" mi="0" ci="2" mb="0" cb="0"/><line nr="13" mi="0" ci="4" mb="0" cb="2"/><line nr="14" mi="0" ci="4" mb="0" cb="0"/><line nr="15" mi="0" ci="4" mb="0" cb="2"/><line nr="16" mi="0" ci="4" mb="0" cb="0"/><line nr="18" mi="0" ci="5" mb="0" cb="0"/><line nr="20" mi="0" ci="3" mb="0" cb="0"/><line nr="21" mi="0" ci="1" mb="0" cb="0"/><line nr="24" mi="0" ci="4" mb="0" cb="0"/><line nr="28" mi="0" ci="3" mb="0" cb="0"/><line nr="32" mi="0" ci="5" mb="0" cb="0"/><counter type="INSTRUCTION" missed="0" covered="39"/><counter type="BRANCH" missed="0" covered="4"/><counter type="LINE" missed="0" covered="11"/><counter type="COMPLEXITY" missed="0" covered="6"/><counter type="METHOD" missed="0" covered="4"/><counter type="CLASS" missed="0" covered="1"/></sourcefile><sourcefile name="Animal.java"><line nr="5" mi="0" ci="3" mb="0" cb="0"/><line nr="9" mi="0" ci="4" mb="1" cb="1"/><line nr="10" mi="4" ci="0" mb="0" cb="0"/><line nr="11" mi="0" ci="4" mb="1" cb="1"/><line nr="12" mi="0" ci="5" mb="0" cb="0"/><line nr="14" mi="5" ci="0" mb="0" cb="0"/><line nr="19" mi="2" ci="0" mb="0" cb="0"/><counter type="INSTRUCTION" missed="11" covered="16"/><counter type="BRANCH" missed="2" covered="2"/><counter type="LINE" missed="3" covered="4"/><counter type="COMPLEXITY" missed="3" covered="2"/><counter type="METHOD" missed="1" covered="2"/><counter type="CLASS" missed="0" covered="1"/></sourcefile><sourcefile name="GetFood.java"/><sourcefile name="Feline.java"><line nr="5" mi="0" ci="3" mb="0" cb="0"/><line nr="9" mi="0" ci="4" mb="0" cb="0"/><line nr="14" mi="0" ci="2" mb="0" cb="0"/><line nr="19" mi="0" ci="4" mb="0" cb="0"/><line nr="23" mi="0" ci="2" mb="0" cb="0"/><counter type="INSTRUCTION" missed="0" covered="15"/><counter type="LINE" missed="0" covered="5"/><counter type="COMPLEXITY" missed="0" covered="5"/><counter type="METHOD" missed="0" covered="5"/><counter type="CLASS" missed="0" covered="1"/></sourcefile><sourcefile name="Cat.java"><line nr="9" mi="0" ci="2" mb="0" cb="0"/><line nr="10" mi="0" ci="3" mb="0" cb="0"/><line nr="11" mi="0" ci="1" mb="0" cb="0"/><line nr="14" mi="0" ci="2" mb="0" cb="0"/><line nr="18" mi="0" ci="4" mb="0" cb="0"/><counter type="INSTRUCTION" missed="0" covered="12"/><counter type="LINE" missed="0" covered="5"/><counter type="COMPLEXITY" missed="0" covered="3"/><counter type="METHOD" missed="0" covered="3"/><counter type="CLASS" missed="0" covered="1"/></sourcefile><counter type="INSTRUCTION" missed="11" covered="82"/><counter type="BRANCH" missed="2" covered="6"/><counter type="LINE" missed="3" covered="25"/><counter type="COMPLEXITY" missed="3" covered="16"/><counter type="METHOD" missed="1" covered="14"/><counter type="CLASS" missed="0" covered="4"/></package><counter type="INSTRUCTION" missed="11" covered="82"/><counter type="BRANCH" missed="2" covered="6"/><counter type="LINE" missed="3" covered="25"/><counter type="COMPLEXITY" missed="3" covered="16"/><counter type="METHOD" missed="1" covered="14"/><counter type="CLASS" missed="0" covered="4"/></report>